<?xml version="1.0" encoding="UTF-8"?>
<testng-results ignored="0" total="2" passed="2" failed="0" skipped="0">
  <reporter-output>
  </reporter-output>
  <suite started-at="2023-04-23T07:31:00Z" name="Default suite" finished-at="2023-04-23T07:31:05Z" duration-ms="4741">
    <groups>
    </groups>
    <test started-at="2023-04-23T07:31:00Z" name="Default test" finished-at="2023-04-23T07:31:05Z" duration-ms="4741">
      <class name="testcases.LoginTest">
        <test-method is-config="true" signature="filloSetup()[pri:0, instance:testcases.LoginTest@1bd39d3c]" started-at="2023-04-23T07:31:00Z" name="filloSetup" finished-at="2023-04-23T07:31:00Z" duration-ms="449" status="PASS">
          <reporter-output>
          </reporter-output>
        </test-method> <!-- filloSetup -->
        <test-method is-config="true" signature="SetUp()[pri:0, instance:testcases.LoginTest@1bd39d3c]" started-at="2023-04-23T07:31:00Z" name="SetUp" finished-at="2023-04-23T07:31:02Z" duration-ms="2036" status="PASS">
          <reporter-output>
          </reporter-output>
        </test-method> <!-- SetUp -->
        <test-method signature="invalidLogin()[pri:0, instance:testcases.LoginTest@1bd39d3c]" started-at="2023-04-23T07:31:02Z" name="invalidLogin" finished-at="2023-04-23T07:31:03Z" duration-ms="396" status="PASS">
          <reporter-output>
          </reporter-output>
        </test-method> <!-- invalidLogin -->
        <test-method is-config="true" signature="SetUp()[pri:0, instance:testcases.LoginTest@1bd39d3c]" started-at="2023-04-23T07:31:03Z" name="SetUp" finished-at="2023-04-23T07:31:04Z" duration-ms="1520" status="PASS">
          <reporter-output>
          </reporter-output>
        </test-method> <!-- SetUp -->
        <test-method signature="validLogin()[pri:0, instance:testcases.LoginTest@1bd39d3c]" started-at="2023-04-23T07:31:04Z" name="validLogin" finished-at="2023-04-23T07:31:05Z" duration-ms="329" status="PASS">
          <reporter-output>
          </reporter-output>
        </test-method> <!-- validLogin -->
      </class> <!-- testcases.LoginTest -->
    </test> <!-- Default test -->
  </suite> <!-- Default suite -->
</testng-results>
